\BOOKMARK [0][-]{chapter.1}{Introduction}{}% 1
\BOOKMARK [1][-]{section.1.1}{Motivation}{chapter.1}% 2
\BOOKMARK [1][-]{section.1.2}{Brief introduction to shaders}{chapter.1}% 3
\BOOKMARK [2][-]{subsection.1.2.1}{A look at some OpenGL calls}{section.1.2}% 4
\BOOKMARK [0][-]{chapter.2}{Preparation}{}% 5
\BOOKMARK [1][-]{section.2.1}{Requirements analysis}{chapter.2}% 6
\BOOKMARK [1][-]{section.2.2}{Preparatory learning}{chapter.2}% 7
\BOOKMARK [2][-]{subsection.2.2.1}{A short introduction to OpenGL}{section.2.2}% 8
\BOOKMARK [2][-]{subsection.2.2.2}{Background reading}{section.2.2}% 9
\BOOKMARK [1][-]{section.2.3}{Development environment}{chapter.2}% 10
\BOOKMARK [2][-]{subsection.2.3.1}{Libraries}{section.2.3}% 11
\BOOKMARK [2][-]{subsection.2.3.2}{Version control and backup strategy}{section.2.3}% 12
\BOOKMARK [1][-]{section.2.4}{Software development process}{chapter.2}% 13
\BOOKMARK [0][-]{chapter.3}{Implementation}{}% 14
\BOOKMARK [1][-]{section.3.1}{Parser}{chapter.3}% 15
\BOOKMARK [1][-]{section.3.2}{Pipeline specification}{chapter.3}% 16
\BOOKMARK [1][-]{section.3.3}{Parameter UI generation}{chapter.3}% 17
\BOOKMARK [2][-]{subsection.3.3.1}{Struct handling}{section.3.3}% 18
\BOOKMARK [1][-]{section.3.4}{Pipeline generation}{chapter.3}% 19
\BOOKMARK [1][-]{section.3.5}{Rendering}{chapter.3}% 20
\BOOKMARK [1][-]{section.3.6}{Optimisation}{chapter.3}% 21
\BOOKMARK [2][-]{subsection.3.6.1}{glow early initialization}{section.3.6}% 22
\BOOKMARK [2][-]{subsection.3.6.2}{Modified shader detection}{section.3.6}% 23
\BOOKMARK [2][-]{subsection.3.6.3}{Parameter value propagation}{section.3.6}% 24
\BOOKMARK [2][-]{subsection.3.6.4}{glow cache}{section.3.6}% 25
\BOOKMARK [2][-]{subsection.3.6.5}{FBO reuse}{section.3.6}% 26
\BOOKMARK [1][-]{section.3.7}{User Interface}{chapter.3}% 27
\BOOKMARK [2][-]{subsection.3.7.1}{Editor}{section.3.7}% 28
\BOOKMARK [2][-]{subsection.3.7.2}{Layout}{section.3.7}% 29
\BOOKMARK [2][-]{subsection.3.7.3}{Improved Layout}{section.3.7}% 30
\BOOKMARK [0][-]{chapter.4}{Evaluation}{}% 31
\BOOKMARK [1][-]{section.4.1}{Parser correctness}{chapter.4}% 32
\BOOKMARK [1][-]{section.4.2}{Pipeline correctness}{chapter.4}% 33
\BOOKMARK [1][-]{section.4.3}{Performance}{chapter.4}% 34
\BOOKMARK [2][-]{subsection.4.3.1}{Effect of FBO reuse}{section.4.3}% 35
\BOOKMARK [0][-]{chapter.5}{Conclusion}{}% 36
\BOOKMARK [1][-]{section.5.1}{Main Results}{chapter.5}% 37
\BOOKMARK [1][-]{section.5.2}{Lessons learned}{chapter.5}% 38
\BOOKMARK [1][-]{section.5.3}{Further work}{chapter.5}% 39
\BOOKMARK [0][-]{section.5.3}{Bibliography}{}% 40
\BOOKMARK [0][-]{appendix.A}{Project Proposal}{}% 41
